d:\trading\skynet\skynet\x64\release\vc140.pdb
d:\trading\skynet\skynet\x64\release\timecondition.obj
d:\trading\skynet\skynet\x64\release\stdafx.obj
d:\trading\skynet\skynet\x64\release\softdollartier.obj
d:\trading\skynet\skynet\x64\release\pricecondition.obj
d:\trading\skynet\skynet\x64\release\percentchangecondition.obj
d:\trading\skynet\skynet\x64\release\ordercondition.obj
d:\trading\skynet\skynet\x64\release\operatorcondition.obj
d:\trading\skynet\skynet\x64\release\margincondition.obj
d:\trading\skynet\skynet\x64\release\executioncondition.obj
d:\trading\skynet\skynet\x64\release\esocket.obj
d:\trading\skynet\skynet\x64\release\ereaderwmsignal.obj
d:\trading\skynet\skynet\x64\release\ereaderossignal.obj
d:\trading\skynet\skynet\x64\release\ereader.obj
d:\trading\skynet\skynet\x64\release\emutex.obj
d:\trading\skynet\skynet\x64\release\emessage.obj
d:\trading\skynet\skynet\x64\release\edecoder.obj
d:\trading\skynet\skynet\x64\release\eclientsocket.obj
d:\trading\skynet\skynet\x64\release\eclient.obj
d:\trading\skynet\skynet\x64\release\defaultewrapper.obj
d:\trading\skynet\skynet\x64\release\contractcondition.obj
d:\trading\skynet\skynet\x64\release\testcppclient.obj
d:\trading\skynet\skynet\x64\release\skynet.obj
d:\trading\skynet\skynet\x64\release\volumecondition.obj
d:\trading\skynet\skynet\x64\release\scannersubscriptionsamples.obj
d:\trading\skynet\skynet\x64\release\ordersamples.obj
d:\trading\skynet\skynet\x64\release\contractsamples.obj
d:\trading\skynet\skynet\x64\release\availablealgoparams.obj
d:\trading\skynet\skynet\x64\release\accountsummarytags.obj
d:\trading\skynet\x64\release\skynet.exe
d:\trading\skynet\x64\release\skynet.ipdb
d:\trading\skynet\x64\release\skynet.iobj
d:\trading\skynet\x64\release\skynet.pdb
d:\trading\skynet\skynet\x64\release\skynet.tlog\cl.command.1.tlog
d:\trading\skynet\skynet\x64\release\skynet.tlog\cl.read.1.tlog
d:\trading\skynet\skynet\x64\release\skynet.tlog\cl.write.1.tlog
d:\trading\skynet\skynet\x64\release\skynet.tlog\link.command.1.tlog
d:\trading\skynet\skynet\x64\release\skynet.tlog\link.read.1.tlog
d:\trading\skynet\skynet\x64\release\skynet.tlog\link.write.1.tlog
